# JRE version: Java(TM) SE Runtime Environment (7.0_79-b15) (build 1.7.0_79-b15)
# Java VM: Java HotSpot(TM) 64-Bit Server VM (24.79-b02 mixed mode windows-amd64 compressed oops)
Heap
 PSYoungGen      total 226304K, used 166011K [0x00000000eaa80000, 0x0000000100000000, 0x0000000100000000)
  eden space 182784K, 86% used [0x00000000eaa80000,0x00000000f459ba38,0x00000000f5d00000)
  from space 43520K, 16% used [0x00000000f5d00000,0x00000000f6403290,0x00000000f8780000)
  to   space 59392K, 0% used [0x00000000fc600000,0x00000000fc600000,0x0000000100000000)
 ParOldGen       total 135680K, used 76755K [0x00000000c0000000, 0x00000000c8480000, 0x00000000eaa80000)
  object space 135680K, 56% used [0x00000000c0000000,0x00000000c4af4c88,0x00000000c8480000)
 PSPermGen       total 21504K, used 5526K [0x00000000bae00000, 0x00000000bc300000, 0x00000000c0000000)
  object space 21504K, 25% used [0x00000000bae00000,0x00000000bb365b08,0x00000000bc300000)
GC Heap History (10 events):
Event: 7.191 GC heap before
{Heap before GC invocations=8 (full 2):
 PSYoungGen      total 68096K, used 65536K [0x00000000eaa80000, 0x00000000f5000000, 0x0000000100000000)
  eden space 65536K, 100% used [0x00000000eaa80000,0x00000000eea80000,0x00000000eea80000)
  from space 2560K, 0% used [0x00000000eea80000,0x00000000eea80000,0x00000000eed00000)
  to   space 26624K, 0% used [0x00000000f3600000,0x00000000f3600000,0x00000000f5000000)
 ParOldGen       total 76800K, used 26916K [0x00000000c0000000, 0x00000000c4b00000, 0x00000000eaa80000)
  object space 76800K, 35% used [0x00000000c0000000,0x00000000c1a490c0,0x00000000c4b00000)
 PSPermGen       total 21504K, used 5468K [0x00000000bae00000, 0x00000000bc300000, 0x00000000c0000000)
  object space 21504K, 25% used [0x00000000bae00000,0x00000000bb357240,0x00000000bc300000)
Event: 7.276 GC heap after
Heap after GC invocations=8 (full 2):
 PSYoungGen      total 137728K, used 17750K [0x00000000eaa80000, 0x00000000f4e80000, 0x0000000100000000)
  eden space 112640K, 0% used [0x00000000eaa80000,0x00000000eaa80000,0x00000000f1880000)
  from space 25088K, 70% used [0x00000000f3600000,0x00000000f4755b68,0x00000000f4e80000)
  to   space 27648K, 0% used [0x00000000f1880000,0x00000000f1880000,0x00000000f3380000)
 ParOldGen       total 76800K, used 26916K [0x00000000c0000000, 0x00000000c4b00000, 0x00000000eaa80000)
  object space 76800K, 35% used [0x00000000c0000000,0x00000000c1a490c0,0x00000000c4b00000)
 PSPermGen       total 21504K, used 5468K [0x00000000bae00000, 0x00000000bc300000, 0x00000000c0000000)
  object space 21504K, 25% used [0x00000000bae00000,0x00000000bb357240,0x00000000bc300000)
}
Event: 7.961 GC heap before
{Heap before GC invocations=9 (full 2):
 PSYoungGen      total 137728K, used 130390K [0x00000000eaa80000, 0x00000000f4e80000, 0x0000000100000000)
  eden space 112640K, 100% used [0x00000000eaa80000,0x00000000f1880000,0x00000000f1880000)
  from space 25088K, 70% used [0x00000000f3600000,0x00000000f4755b68,0x00000000f4e80000)
  to   space 27648K, 0% used [0x00000000f1880000,0x00000000f1880000,0x00000000f3380000)
 ParOldGen       total 76800K, used 26916K [0x00000000c0000000, 0x00000000c4b00000, 0x00000000eaa80000)
  object space 76800K, 35% used [0x00000000c0000000,0x00000000c1a490c0,0x00000000c4b00000)
 PSPermGen       total 21504K, used 5485K [0x00000000bae00000, 0x00000000bc300000, 0x00000000c0000000)
  object space 21504K, 25% used [0x00000000bae00000,0x00000000bb35b538,0x00000000bc300000)
Event: 8.128 GC heap after
Heap after GC invocations=9 (full 2):
 PSYoungGen      total 140288K, used 27621K [0x00000000eaa80000, 0x00000000fa880000, 0x0000000100000000)
  eden space 112640K, 0% used [0x00000000eaa80000,0x00000000eaa80000,0x00000000f1880000)
  from space 27648K, 99% used [0x00000000f1880000,0x00000000f3379608,0x00000000f3380000)
  to   space 33792K, 0% used [0x00000000f8780000,0x00000000f8780000,0x00000000fa880000)
 ParOldGen       total 76800K, used 29318K [0x00000000c0000000, 0x00000000c4b00000, 0x00000000eaa80000)
  object space 76800K, 38% used [0x00000000c0000000,0x00000000c1ca18e0,0x00000000c4b00000)
 PSPermGen       total 21504K, used 5485K [0x00000000bae00000, 0x00000000bc300000, 0x00000000c0000000)
  object space 21504K, 25% used [0x00000000bae00000,0x00000000bb35b538,0x00000000bc300000)
}
Event: 8.384 GC heap before
{Heap before GC invocations=10 (full 2):
 PSYoungGen      total 140288K, used 140261K [0x00000000eaa80000, 0x00000000fa880000, 0x0000000100000000)
  eden space 112640K, 100% used [0x00000000eaa80000,0x00000000f1880000,0x00000000f1880000)
  from space 27648K, 99% used [0x00000000f1880000,0x00000000f3379608,0x00000000f3380000)
  to   space 33792K, 0% used [0x00000000f8780000,0x00000000f8780000,0x00000000fa880000)
 ParOldGen       total 76800K, used 29318K [0x00000000c0000000, 0x00000000c4b00000, 0x00000000eaa80000)
  object space 76800K, 38% used [0x00000000c0000000,0x00000000c1ca18e0,0x00000000c4b00000)
 PSPermGen       total 21504K, used 5494K [0x00000000bae00000, 0x00000000bc300000, 0x00000000c0000000)
  object space 21504K, 25% used [0x00000000bae00000,0x00000000bb35da80,0x00000000bc300000)
Event: 8.469 GC heap after
Heap after GC invocations=10 (full 2):
 PSYoungGen      total 216576K, used 33770K [0x00000000eaa80000, 0x00000000fbd00000, 0x0000000100000000)
  eden space 182784K, 0% used [0x00000000eaa80000,0x00000000eaa80000,0x00000000f5d00000)
  from space 33792K, 99% used [0x00000000f8780000,0x00000000fa87aae8,0x00000000fa880000)
  to   space 43520K, 0% used [0x00000000f5d00000,0x00000000f5d00000,0x00000000f8780000)
 ParOldGen       total 76800K, used 38551K [0x00000000c0000000, 0x00000000c4b00000, 0x00000000eaa80000)
  object space 76800K, 50% used [0x00000000c0000000,0x00000000c25a5cb8,0x00000000c4b00000)
 PSPermGen       total 21504K, used 5494K [0x00000000bae00000, 0x00000000bc300000, 0x00000000c0000000)
  object space 21504K, 25% used [0x00000000bae00000,0x00000000bb35da80,0x00000000bc300000)
}
Event: 9.200 GC heap before
{Heap before GC invocations=11 (full 2):
 PSYoungGen      total 216576K, used 216554K [0x00000000eaa80000, 0x00000000fbd00000, 0x0000000100000000)
  eden space 182784K, 100% used [0x00000000eaa80000,0x00000000f5d00000,0x00000000f5d00000)
  from space 33792K, 99% used [0x00000000f8780000,0x00000000fa87aae8,0x00000000fa880000)
  to   space 43520K, 0% used [0x00000000f5d00000,0x00000000f5d00000,0x00000000f8780000)
 ParOldGen       total 76800K, used 38551K [0x00000000c0000000, 0x00000000c4b00000, 0x00000000eaa80000)
  object space 76800K, 50% used [0x00000000c0000000,0x00000000c25a5cb8,0x00000000c4b00000)
 PSPermGen       total 21504K, used 5523K [0x00000000bae00000, 0x00000000bc300000, 0x00000000c0000000)
  object space 21504K, 25% used [0x00000000bae00000,0x00000000bb364f90,0x00000000bc300000)
Event: 9.310 GC heap after
Heap after GC invocations=11 (full 2):
 PSYoungGen      total 226304K, used 43517K [0x00000000eaa80000, 0x0000000100000000, 0x0000000100000000)
  eden space 182784K, 0% used [0x00000000eaa80000,0x00000000eaa80000,0x00000000f5d00000)
  from space 43520K, 99% used [0x00000000f5d00000,0x00000000f877f5d8,0x00000000f8780000)
  to   space 59392K, 0% used [0x00000000fc600000,0x00000000fc600000,0x0000000100000000)
 ParOldGen       total 76800K, used 59136K [0x00000000c0000000, 0x00000000c4b00000, 0x00000000eaa80000)
  object space 76800K, 77% used [0x00000000c0000000,0x00000000c39c0108,0x00000000c4b00000)
 PSPermGen       total 21504K, used 5523K [0x00000000bae00000, 0x00000000bc300000, 0x00000000c0000000)
  object space 21504K, 25% used [0x00000000bae00000,0x00000000bb364f90,0x00000000bc300000)
}
Event: 9.310 GC heap before
{Heap before GC invocations=12 (full 3):
 PSYoungGen      total 226304K, used 43517K [0x00000000eaa80000, 0x0000000100000000, 0x0000000100000000)
  eden space 182784K, 0% used [0x00000000eaa80000,0x00000000eaa80000,0x00000000f5d00000)
  from space 43520K, 99% used [0x00000000f5d00000,0x00000000f877f5d8,0x00000000f8780000)
  to   space 59392K, 0% used [0x00000000fc600000,0x00000000fc600000,0x0000000100000000)
 ParOldGen       total 76800K, used 59136K [0x00000000c0000000, 0x00000000c4b00000, 0x00000000eaa80000)
  object space 76800K, 77% used [0x00000000c0000000,0x00000000c39c0108,0x00000000c4b00000)
 PSPermGen       total 21504K, used 5523K [0x00000000bae00000, 0x00000000bc300000, 0x00000000c0000000)
  object space 21504K, 25% used [0x00000000bae00000,0x00000000bb364f90,0x00000000bc300000)
Event: 11.891 GC heap after
Heap after GC invocations=12 (full 3):
 PSYoungGen      total 226304K, used 7180K [0x00000000eaa80000, 0x0000000100000000, 0x0000000100000000)
  eden space 182784K, 0% used [0x00000000eaa80000,0x00000000eaa80000,0x00000000f5d00000)
  from space 43520K, 16% used [0x00000000f5d00000,0x00000000f6403290,0x00000000f8780000)
  to   space 59392K, 0% used [0x00000000fc600000,0x00000000fc600000,0x0000000100000000)
 ParOldGen       total 135680K, used 76755K [0x00000000c0000000, 0x00000000c8480000, 0x00000000eaa80000)
  object space 135680K, 56% used [0x00000000c0000000,0x00000000c4af4c88,0x00000000c8480000)
 PSPermGen       total 21504K, used 5523K [0x00000000bae00000, 0x00000000bc300000, 0x00000000c0000000)
  object space 21504K, 25% used [0x00000000bae00000,0x00000000bb364cf0,0x00000000bc300000)
}

